<?xml version="1.0" encoding="UTF-8"?>
<testng-results ignored="0" total="1" passed="1" failed="0" skipped="0">
  <reporter-output>
  </reporter-output>
  <suite started-at="2025-01-07T18:56:35 IST" name="Default suite" finished-at="2025-01-07T18:57:37 IST" duration-ms="61550">
    <groups>
    </groups>
    <test started-at="2025-01-07T18:56:35 IST" name="Default test" finished-at="2025-01-07T18:57:37 IST" duration-ms="61550">
      <class name="assignment.FitPeo">
        <test-method signature="fitPeo_Test()[pri:0, instance:assignment.FitPeo@7ec7ffd3]" started-at="2025-01-07T18:56:35 IST" name="fitPeo_Test" finished-at="2025-01-07T18:57:36 IST" duration-ms="61505" status="PASS">
          <reporter-output>
          </reporter-output>
        </test-method> <!-- fitPeo_Test -->
      </class> <!-- assignment.FitPeo -->
    </test> <!-- Default test -->
  </suite> <!-- Default suite -->
</testng-results>
